[+] Containers:
 |- [+] Container: /Game/AI/AI/AIThirdPersonMap
 |   |- [+] ActorDescs:
 |   |   |- Guid:BD42ACEA473A5C42F789E1861670DC03 NativeClass:/Script/Engine.WorldDataLayers Name:WorldDataLayers Label:None SpatiallyLoaded:false EditorBounds:IsValid=false, Min=(X=0.000 Y=0.000 Z=0.000), Max=(X=0.000 Y=0.000 Z=0.000) RuntimeBounds:IsValid=false, Min=(X=0.000 Y=0.000 Z=0.000), Max=(X=0.000 Y=0.000 Z=0.000) RuntimeGrid:None EditorOnly:false RuntimeOnly:false HLODRelevant:false ListedInSceneOutliner:true IsMainWorldOnly:true
 |   |- [+] Clusters:
 |   |   |- [+] [  0]
 |   |   |   |- Guid:BD42ACEA473A5C42F789E1861670DC03 NativeClass:/Script/Engine.WorldDataLayers Name:WorldDataLayers Label:None SpatiallyLoaded:false EditorBounds:IsValid=false, Min=(X=0.000 Y=0.000 Z=0.000), Max=(X=0.000 Y=0.000 Z=0.000) RuntimeBounds:IsValid=false, Min=(X=0.000 Y=0.000 Z=0.000), Max=(X=0.000 Y=0.000 Z=0.000) RuntimeGrid:None EditorOnly:false RuntimeOnly:false HLODRelevant:false ListedInSceneOutliner:true IsMainWorldOnly:true
 |- ContainerInstances:
 |- [+] MainContainer:
 |   |-        ID: 00000000000000000000000000000000
 |   |-  ParentID: 00000000000000000000000000000000
 |   |-    Bounds: IsValid=false, Min=(X=0.000 Y=0.000 Z=0.000), Max=(X=0.000 Y=0.000 Z=0.000)
 |   |- Transform: 0.000000,0.000000,0.000000|0.000000,0.000000,-0.000000|1.000000,1.000000,1.000000
 |   |- Container: /Game/AI/AI/AIThirdPersonMap
----------------------------------------------------------------------------------------------------------------
AIThirdPersonMap - Persistent Level
----------------------------------------------------------------------------------------------------------------
[+] Content of AIThirdPersonMap Persistent Level
 |- Always loaded Actor Count: 1 
 |- Actor Path: /Game/AI/AI/AIThirdPersonMap.AIThirdPersonMap:PersistentLevel.WorldDataLayers
 |- Actor Package: /Game/__ExternalActors__/AI/AI/AIThirdPersonMap/9/WU/L642RR6E6R6LFQTBVR89PQ

----------------------------------------------------------------------------------------------------------------
AIThirdPersonMap - Runtime Hash Set
----------------------------------------------------------------------------------------------------------------

